mode: atomic
s3MediaStreamer/app/pkg/amqp/consumer.go:12.93,13.6 1 0
s3MediaStreamer/app/pkg/amqp/consumer.go:13.6,14.10 1 0
s3MediaStreamer/app/pkg/amqp/consumer.go:15.21,17.10 1 0
s3MediaStreamer/app/pkg/amqp/consumer.go:19.34,21.11 1 0
s3MediaStreamer/app/pkg/amqp/consumer.go:21.11,23.5 1 0
s3MediaStreamer/app/pkg/amqp/consumer.go:26.4,26.28 1 0
s3MediaStreamer/app/pkg/amqp/consumer.go:31.62,35.16 3 0
s3MediaStreamer/app/pkg/amqp/consumer.go:35.16,38.3 2 0
s3MediaStreamer/app/pkg/amqp/consumer.go:41.2,42.9 2 0
s3MediaStreamer/app/pkg/amqp/consumer.go:42.9,45.3 2 0
s3MediaStreamer/app/pkg/amqp/consumer.go:48.2,48.16 1 0
s3MediaStreamer/app/pkg/amqp/consumer.go:49.20,50.33 1 0
s3MediaStreamer/app/pkg/amqp/consumer.go:52.22,53.35 1 0
s3MediaStreamer/app/pkg/amqp/consumer.go:55.22,56.31 1 0
s3MediaStreamer/app/pkg/amqp/consumer.go:58.24,59.37 1 0
s3MediaStreamer/app/pkg/amqp/consumer.go:61.17,62.30 1 0
s3MediaStreamer/app/pkg/amqp/consumer.go:64.20,65.33 1 0
s3MediaStreamer/app/pkg/amqp/consumer.go:67.25,68.38 1 0
s3MediaStreamer/app/pkg/amqp/consumer.go:70.21,71.34 1 0
s3MediaStreamer/app/pkg/amqp/consumer.go:73.10,75.9 2 0
s3MediaStreamer/app/pkg/amqp/consumer.go:79.77,82.2 2 0
s3MediaStreamer/app/pkg/amqp/consumer.go:84.79,91.90 6 0
s3MediaStreamer/app/pkg/amqp/consumer.go:91.90,94.3 2 0
s3MediaStreamer/app/pkg/amqp/consumer.go:96.2,102.42 6 0
s3MediaStreamer/app/pkg/amqp/consumer.go:102.42,105.3 2 0
s3MediaStreamer/app/pkg/amqp/consumer.go:107.2,111.16 4 0
s3MediaStreamer/app/pkg/amqp/consumer.go:111.16,113.3 1 0
s3MediaStreamer/app/pkg/amqp/consumer.go:116.52,119.2 2 0
s3MediaStreamer/app/pkg/amqp/consumer.go:121.81,124.2 2 0
s3MediaStreamer/app/pkg/amqp/consumer.go:126.74,129.2 2 0
s3MediaStreamer/app/pkg/amqp/consumer.go:131.77,134.2 2 0
s3MediaStreamer/app/pkg/amqp/consumer.go:136.82,139.2 2 0
s3MediaStreamer/app/pkg/amqp/consumer.go:141.78,144.2 2 0
s3MediaStreamer/app/pkg/amqp/consumer.go:146.70,147.22 1 0
s3MediaStreamer/app/pkg/amqp/consumer.go:147.22,152.3 2 0
s3MediaStreamer/app/pkg/amqp/consumer.go:152.8,157.3 2 0
s3MediaStreamer/app/pkg/amqp/consumer.go:160.93,162.23 2 0
s3MediaStreamer/app/pkg/amqp/consumer.go:162.23,164.3 1 0
s3MediaStreamer/app/pkg/amqp/handlers.go:9.77,11.9 2 0
s3MediaStreamer/app/pkg/amqp/handlers.go:11.9,13.3 1 0
s3MediaStreamer/app/pkg/amqp/handlers.go:15.2,16.16 2 0
s3MediaStreamer/app/pkg/amqp/handlers.go:16.16,18.3 1 0
s3MediaStreamer/app/pkg/amqp/handlers.go:20.2,20.45 1 0
s3MediaStreamer/app/pkg/amqp/handlers.go:24.104,26.16 2 0
s3MediaStreamer/app/pkg/amqp/handlers.go:26.16,28.3 1 0
s3MediaStreamer/app/pkg/amqp/handlers.go:30.2,31.16 2 0
s3MediaStreamer/app/pkg/amqp/handlers.go:31.16,33.3 1 0
s3MediaStreamer/app/pkg/amqp/handlers.go:34.2,36.12 3 0
s3MediaStreamer/app/pkg/amqp/handlers.go:40.52,42.16 2 0
s3MediaStreamer/app/pkg/amqp/handlers.go:42.16,44.3 1 0
s3MediaStreamer/app/pkg/amqp/handlers.go:46.2,46.12 1 0
s3MediaStreamer/app/pkg/amqp/handlers.go:50.81,52.9 2 0
s3MediaStreamer/app/pkg/amqp/handlers.go:52.9,54.3 1 0
s3MediaStreamer/app/pkg/amqp/handlers.go:56.2,57.16 2 0
s3MediaStreamer/app/pkg/amqp/handlers.go:57.16,59.3 1 0
s3MediaStreamer/app/pkg/amqp/handlers.go:61.2,62.12 2 0
s3MediaStreamer/app/pkg/amqp/handlers.go:66.74,68.9 2 0
s3MediaStreamer/app/pkg/amqp/handlers.go:68.9,70.3 1 0
s3MediaStreamer/app/pkg/amqp/handlers.go:71.2,72.9 2 0
s3MediaStreamer/app/pkg/amqp/handlers.go:72.9,74.3 1 0
s3MediaStreamer/app/pkg/amqp/handlers.go:75.2,76.9 2 0
s3MediaStreamer/app/pkg/amqp/handlers.go:76.9,78.3 1 0
s3MediaStreamer/app/pkg/amqp/handlers.go:79.2,80.9 2 0
s3MediaStreamer/app/pkg/amqp/handlers.go:80.9,82.3 1 0
s3MediaStreamer/app/pkg/amqp/handlers.go:84.2,84.55 1 0
s3MediaStreamer/app/pkg/amqp/handlers.go:88.77,90.9 2 0
s3MediaStreamer/app/pkg/amqp/handlers.go:90.9,92.3 1 0
s3MediaStreamer/app/pkg/amqp/handlers.go:94.2,94.36 1 0
s3MediaStreamer/app/pkg/amqp/handlers.go:98.82,100.9 2 0
s3MediaStreamer/app/pkg/amqp/handlers.go:100.9,102.3 1 0
s3MediaStreamer/app/pkg/amqp/handlers.go:104.2,104.41 1 0
s3MediaStreamer/app/pkg/amqp/handlers.go:108.78,110.9 2 0
s3MediaStreamer/app/pkg/amqp/handlers.go:110.9,112.3 1 0
s3MediaStreamer/app/pkg/amqp/handlers.go:114.2,115.16 2 0
s3MediaStreamer/app/pkg/amqp/handlers.go:115.16,117.3 1 0
s3MediaStreamer/app/pkg/amqp/handlers.go:119.2,119.46 1 0
s3MediaStreamer/app/pkg/amqp/main.go:26.106,29.38 3 0
s3MediaStreamer/app/pkg/amqp/main.go:29.38,31.3 1 0
s3MediaStreamer/app/pkg/amqp/main.go:31.8,33.3 1 0
s3MediaStreamer/app/pkg/amqp/main.go:35.2,38.16 3 0
s3MediaStreamer/app/pkg/amqp/main.go:38.16,40.3 1 0
s3MediaStreamer/app/pkg/amqp/main.go:42.2,43.16 2 0
s3MediaStreamer/app/pkg/amqp/main.go:43.16,45.3 1 0
s3MediaStreamer/app/pkg/amqp/main.go:47.2,55.16 2 0
s3MediaStreamer/app/pkg/amqp/main.go:55.16,57.3 1 0
s3MediaStreamer/app/pkg/amqp/main.go:59.2,60.16 2 0
s3MediaStreamer/app/pkg/amqp/main.go:60.16,62.3 1 0
s3MediaStreamer/app/pkg/amqp/main.go:64.2,73.8 2 0
s3MediaStreamer/app/pkg/amqp/main.go:77.84,87.16 2 0
s3MediaStreamer/app/pkg/amqp/main.go:87.16,89.3 1 0
s3MediaStreamer/app/pkg/amqp/main.go:91.2,93.22 3 0
s3MediaStreamer/app/pkg/amqp/main.go:97.39,99.2 1 0
s3MediaStreamer/app/pkg/amqp/main.go:101.96,102.26 1 0
s3MediaStreamer/app/pkg/amqp/main.go:102.26,104.3 1 0
s3MediaStreamer/app/pkg/amqp/main.go:106.2,109.20 3 0
s3MediaStreamer/app/pkg/amqp/main.go:109.20,111.3 1 0
s3MediaStreamer/app/pkg/amqp/main.go:112.2,114.35 2 0
s3MediaStreamer/app/pkg/amqp/main.go:114.35,116.24 2 0
s3MediaStreamer/app/pkg/amqp/main.go:116.24,118.4 1 0
s3MediaStreamer/app/pkg/amqp/main.go:120.3,122.45 3 0
s3MediaStreamer/app/pkg/amqp/main.go:124.2,124.23 1 0
s3MediaStreamer/app/pkg/amqp/main.go:124.23,126.3 1 0
s3MediaStreamer/app/pkg/amqp/operation.go:18.79,20.19 2 0
s3MediaStreamer/app/pkg/amqp/operation.go:20.19,22.24 2 0
s3MediaStreamer/app/pkg/amqp/operation.go:22.24,24.4 1 0
s3MediaStreamer/app/pkg/amqp/operation.go:25.3,25.21 1 0
s3MediaStreamer/app/pkg/amqp/operation.go:28.2,29.16 2 0
s3MediaStreamer/app/pkg/amqp/operation.go:29.16,31.3 1 0
s3MediaStreamer/app/pkg/amqp/operation.go:33.2,33.19 1 0
s3MediaStreamer/app/pkg/amqp/operation.go:37.65,40.16 3 0
s3MediaStreamer/app/pkg/amqp/operation.go:40.16,42.3 1 0
s3MediaStreamer/app/pkg/amqp/operation.go:44.2,45.9 2 0
s3MediaStreamer/app/pkg/amqp/operation.go:45.9,48.3 2 0
s3MediaStreamer/app/pkg/amqp/operation.go:49.2,51.38 3 0
s3MediaStreamer/app/pkg/amqp/operation.go:51.38,53.14 2 0
s3MediaStreamer/app/pkg/amqp/operation.go:53.14,55.12 2 0
s3MediaStreamer/app/pkg/amqp/operation.go:57.3,58.14 2 0
s3MediaStreamer/app/pkg/amqp/operation.go:58.14,60.12 2 0
s3MediaStreamer/app/pkg/amqp/operation.go:63.3,66.31 3 0
s3MediaStreamer/app/pkg/amqp/operation.go:66.31,68.12 2 0
s3MediaStreamer/app/pkg/amqp/operation.go:71.3,72.17 2 0
s3MediaStreamer/app/pkg/amqp/operation.go:72.17,74.12 2 0
s3MediaStreamer/app/pkg/amqp/operation.go:77.3,78.27 2 0
s3MediaStreamer/app/pkg/amqp/operation.go:78.27,81.4 2 0
s3MediaStreamer/app/pkg/amqp/operation.go:83.3,84.21 2 0
s3MediaStreamer/app/pkg/amqp/operation.go:84.21,87.4 2 0
s3MediaStreamer/app/pkg/amqp/operation.go:89.3,102.41 2 0
s3MediaStreamer/app/pkg/amqp/operation.go:105.2,106.16 2 0
s3MediaStreamer/app/pkg/amqp/operation.go:106.16,108.24 2 0
s3MediaStreamer/app/pkg/amqp/operation.go:108.24,110.4 1 0
s3MediaStreamer/app/pkg/amqp/operation.go:111.3,111.13 1 0
s3MediaStreamer/app/pkg/amqp/operation.go:114.2,119.16 3 0
s3MediaStreamer/app/pkg/amqp/operation.go:119.16,121.3 1 0
s3MediaStreamer/app/pkg/amqp/operation.go:123.2,123.12 1 0
s3MediaStreamer/app/pkg/amqp/operation.go:127.124,129.16 2 0
s3MediaStreamer/app/pkg/amqp/operation.go:129.16,131.24 2 0
s3MediaStreamer/app/pkg/amqp/operation.go:131.24,133.4 1 0
s3MediaStreamer/app/pkg/amqp/operation.go:134.3,134.21 1 0
s3MediaStreamer/app/pkg/amqp/operation.go:137.2,138.16 2 0
s3MediaStreamer/app/pkg/amqp/operation.go:138.16,140.3 1 0
s3MediaStreamer/app/pkg/amqp/operation.go:142.2,142.31 1 0
s3MediaStreamer/app/pkg/amqp/operation.go:146.50,148.16 2 0
s3MediaStreamer/app/pkg/amqp/operation.go:148.16,150.24 2 0
s3MediaStreamer/app/pkg/amqp/operation.go:150.24,152.4 1 0
s3MediaStreamer/app/pkg/amqp/operation.go:153.3,153.13 1 0
s3MediaStreamer/app/pkg/amqp/operation.go:156.2,161.16 3 0
s3MediaStreamer/app/pkg/amqp/operation.go:161.16,163.3 1 0
s3MediaStreamer/app/pkg/amqp/operation.go:165.2,167.12 2 0
s3MediaStreamer/app/pkg/amqp/operation.go:171.83,182.16 3 0
s3MediaStreamer/app/pkg/amqp/operation.go:182.16,186.24 3 0
s3MediaStreamer/app/pkg/amqp/operation.go:186.24,188.4 1 0
s3MediaStreamer/app/pkg/amqp/operation.go:189.3,189.16 1 0
s3MediaStreamer/app/pkg/amqp/operation.go:193.2,194.16 2 0
s3MediaStreamer/app/pkg/amqp/operation.go:194.16,196.3 1 0
s3MediaStreamer/app/pkg/amqp/operation.go:197.2,200.16 3 0
s3MediaStreamer/app/pkg/amqp/operation.go:200.16,202.24 2 0
s3MediaStreamer/app/pkg/amqp/operation.go:202.24,204.4 1 0
s3MediaStreamer/app/pkg/amqp/operation.go:205.3,205.13 1 0
s3MediaStreamer/app/pkg/amqp/operation.go:208.2,213.16 3 0
s3MediaStreamer/app/pkg/amqp/operation.go:213.16,215.3 1 0
s3MediaStreamer/app/pkg/amqp/operation.go:217.2,217.12 1 0
s3MediaStreamer/app/pkg/amqp/operation.go:221.64,223.16 2 0
s3MediaStreamer/app/pkg/amqp/operation.go:223.16,225.24 2 0
s3MediaStreamer/app/pkg/amqp/operation.go:225.24,227.4 1 0
s3MediaStreamer/app/pkg/amqp/operation.go:228.3,228.13 1 0
s3MediaStreamer/app/pkg/amqp/operation.go:232.2,238.16 3 0
s3MediaStreamer/app/pkg/amqp/operation.go:238.16,240.3 1 0
s3MediaStreamer/app/pkg/amqp/operation.go:242.2,242.12 1 0
s3MediaStreamer/app/pkg/amqp/operation.go:246.69,248.16 2 0
s3MediaStreamer/app/pkg/amqp/operation.go:248.16,250.24 2 0
s3MediaStreamer/app/pkg/amqp/operation.go:250.24,252.4 1 0
s3MediaStreamer/app/pkg/amqp/operation.go:253.3,253.13 1 0
s3MediaStreamer/app/pkg/amqp/operation.go:256.2,257.16 2 0
s3MediaStreamer/app/pkg/amqp/operation.go:257.16,259.3 1 0
s3MediaStreamer/app/pkg/amqp/operation.go:261.2,261.12 1 0
s3MediaStreamer/app/pkg/amqp/operation.go:265.66,268.16 3 0
s3MediaStreamer/app/pkg/amqp/operation.go:268.16,270.3 1 0
s3MediaStreamer/app/pkg/amqp/operation.go:273.2,274.13 2 0
s3MediaStreamer/app/pkg/amqp/operation.go:274.13,276.3 1 0
s3MediaStreamer/app/pkg/amqp/operation.go:279.2,280.19 2 0
s3MediaStreamer/app/pkg/amqp/operation.go:280.19,283.3 2 0
s3MediaStreamer/app/pkg/amqp/operation.go:286.2,286.55 1 0
s3MediaStreamer/app/pkg/amqp/operation.go:286.55,288.3 1 0
s3MediaStreamer/app/pkg/amqp/operation.go:289.2,289.59 1 0
s3MediaStreamer/app/pkg/amqp/operation.go:289.59,291.3 1 0
s3MediaStreamer/app/pkg/amqp/operation.go:292.2,294.75 2 0
s3MediaStreamer/app/pkg/amqp/operation.go:294.75,298.31 3 0
s3MediaStreamer/app/pkg/amqp/operation.go:298.31,300.4 1 0
s3MediaStreamer/app/pkg/amqp/operation.go:302.3,303.17 2 0
s3MediaStreamer/app/pkg/amqp/operation.go:303.17,305.4 1 0
s3MediaStreamer/app/pkg/amqp/operation.go:307.3,307.33 1 0
s3MediaStreamer/app/pkg/amqp/operation.go:310.2,310.65 1 0
s3MediaStreamer/app/pkg/amqp/operation.go:310.65,312.3 1 0
s3MediaStreamer/app/pkg/amqp/operation.go:313.2,313.59 1 0
s3MediaStreamer/app/pkg/amqp/operation.go:313.59,315.3 1 0
s3MediaStreamer/app/pkg/amqp/operation.go:318.2,319.16 2 0
s3MediaStreamer/app/pkg/amqp/operation.go:319.16,322.3 2 0
s3MediaStreamer/app/pkg/amqp/operation.go:324.2,325.12 2 0
s3MediaStreamer/app/pkg/amqp/post-init.go:11.52,13.2 1 0
s3MediaStreamer/app/pkg/amqp/post-init.go:16.68,17.23 1 0
s3MediaStreamer/app/pkg/amqp/post-init.go:17.23,19.3 1 0
s3MediaStreamer/app/pkg/amqp/post-init.go:21.2,25.16 3 0
s3MediaStreamer/app/pkg/amqp/post-init.go:25.16,27.3 1 0
s3MediaStreamer/app/pkg/amqp/post-init.go:30.2,31.16 2 0
s3MediaStreamer/app/pkg/amqp/post-init.go:31.16,33.3 1 0
s3MediaStreamer/app/pkg/amqp/post-init.go:36.2,37.16 2 0
s3MediaStreamer/app/pkg/amqp/post-init.go:37.16,39.3 1 0
s3MediaStreamer/app/pkg/amqp/post-init.go:41.2,41.12 1 0
s3MediaStreamer/app/pkg/amqp/post-init.go:45.61,55.2 2 0
s3MediaStreamer/app/pkg/amqp/post-init.go:58.81,68.2 1 0
s3MediaStreamer/app/pkg/amqp/post-init.go:71.84,79.2 1 0
s3MediaStreamer/app/pkg/amqp/publisher.go:11.78,13.22 1 0
s3MediaStreamer/app/pkg/amqp/publisher.go:13.22,15.3 1 0
s3MediaStreamer/app/pkg/amqp/publisher.go:18.2,19.16 2 0
s3MediaStreamer/app/pkg/amqp/publisher.go:19.16,21.3 1 0
s3MediaStreamer/app/pkg/amqp/publisher.go:24.2,24.33 1 0
s3MediaStreamer/app/pkg/amqp/publisher.go:24.33,25.40 1 0
s3MediaStreamer/app/pkg/amqp/publisher.go:25.40,30.18 3 0
s3MediaStreamer/app/pkg/amqp/publisher.go:30.18,32.5 1 0
s3MediaStreamer/app/pkg/amqp/publisher.go:37.2,51.16 3 0
s3MediaStreamer/app/pkg/amqp/publisher.go:51.16,53.3 1 0
s3MediaStreamer/app/pkg/amqp/publisher.go:56.2,57.12 2 0
s3MediaStreamer/app/pkg/client/postgresql/auth.go:13.76,26.16 5 0
s3MediaStreamer/app/pkg/client/postgresql/auth.go:26.16,27.36 1 0
s3MediaStreamer/app/pkg/client/postgresql/auth.go:27.36,29.4 1 0
s3MediaStreamer/app/pkg/client/postgresql/auth.go:30.3,30.17 1 0
s3MediaStreamer/app/pkg/client/postgresql/auth.go:33.2,33.26 1 0
s3MediaStreamer/app/pkg/client/postgresql/auth.go:37.80,51.16 5 0
s3MediaStreamer/app/pkg/client/postgresql/auth.go:51.16,53.3 1 0
s3MediaStreamer/app/pkg/client/postgresql/auth.go:55.2,55.12 1 0
s3MediaStreamer/app/pkg/client/postgresql/charts.go:12.63,20.2 2 0
s3MediaStreamer/app/pkg/client/postgresql/charts.go:23.56,36.28 2 0
s3MediaStreamer/app/pkg/client/postgresql/charts.go:36.28,51.3 2 0
s3MediaStreamer/app/pkg/client/postgresql/charts.go:54.2,55.16 2 0
s3MediaStreamer/app/pkg/client/postgresql/charts.go:55.16,57.3 1 0
s3MediaStreamer/app/pkg/client/postgresql/charts.go:60.2,61.16 2 0
s3MediaStreamer/app/pkg/client/postgresql/charts.go:61.16,63.3 1 0
s3MediaStreamer/app/pkg/client/postgresql/charts.go:65.2,65.12 1 0
s3MediaStreamer/app/pkg/client/postgresql/charts.go:69.72,83.16 5 0
s3MediaStreamer/app/pkg/client/postgresql/charts.go:83.16,85.3 1 0
s3MediaStreamer/app/pkg/client/postgresql/charts.go:88.2,89.16 2 0
s3MediaStreamer/app/pkg/client/postgresql/charts.go:89.16,91.3 1 0
s3MediaStreamer/app/pkg/client/postgresql/charts.go:93.2,93.12 1 0
s3MediaStreamer/app/pkg/client/postgresql/main.go:53.49,55.2 1 0
s3MediaStreamer/app/pkg/client/postgresql/main.go:57.63,59.2 1 0
s3MediaStreamer/app/pkg/client/postgresql/main.go:61.76,63.2 1 0
s3MediaStreamer/app/pkg/client/postgresql/main.go:65.82,68.22 2 0
s3MediaStreamer/app/pkg/client/postgresql/main.go:68.22,69.29 1 0
s3MediaStreamer/app/pkg/client/postgresql/main.go:69.29,73.12 3 0
s3MediaStreamer/app/pkg/client/postgresql/main.go:76.3,76.13 1 0
s3MediaStreamer/app/pkg/client/postgresql/main.go:79.2,79.12 1 0
s3MediaStreamer/app/pkg/client/postgresql/main.go:82.53,83.19 1 0
s3MediaStreamer/app/pkg/client/postgresql/main.go:83.19,85.21 2 0
s3MediaStreamer/app/pkg/client/postgresql/main.go:85.21,87.4 1 0
s3MediaStreamer/app/pkg/client/postgresql/main.go:88.3,89.72 2 0
s3MediaStreamer/app/pkg/client/postgresql/main.go:89.72,91.4 1 0
s3MediaStreamer/app/pkg/client/postgresql/main.go:92.8,94.3 1 0
s3MediaStreamer/app/pkg/client/postgresql/main.go:95.2,95.12 1 0
s3MediaStreamer/app/pkg/client/postgresql/main.go:98.52,99.19 1 0
s3MediaStreamer/app/pkg/client/postgresql/main.go:99.19,101.21 2 0
s3MediaStreamer/app/pkg/client/postgresql/main.go:101.21,103.4 1 0
s3MediaStreamer/app/pkg/client/postgresql/main.go:104.3,106.21 3 0
s3MediaStreamer/app/pkg/client/postgresql/main.go:106.21,108.4 1 0
s3MediaStreamer/app/pkg/client/postgresql/main.go:109.8,111.3 1 0
s3MediaStreamer/app/pkg/client/postgresql/main.go:112.2,112.12 1 0
s3MediaStreamer/app/pkg/client/postgresql/main.go:115.51,116.19 1 0
s3MediaStreamer/app/pkg/client/postgresql/main.go:116.19,119.3 2 0
s3MediaStreamer/app/pkg/client/postgresql/main.go:120.2,120.12 1 0
s3MediaStreamer/app/pkg/client/postgresql/migration.go:13.70,15.16 2 0
s3MediaStreamer/app/pkg/client/postgresql/migration.go:15.16,17.3 1 0
s3MediaStreamer/app/pkg/client/postgresql/migration.go:18.2,22.23 3 0
s3MediaStreamer/app/pkg/client/postgresql/migration.go:22.23,23.50 1 0
s3MediaStreamer/app/pkg/client/postgresql/migration.go:23.50,25.4 1 0
s3MediaStreamer/app/pkg/client/postgresql/migration.go:27.2,27.12 1 0
s3MediaStreamer/app/pkg/client/postgresql/playlist.go:10.70,13.16 2 0
s3MediaStreamer/app/pkg/client/postgresql/playlist.go:13.16,15.3 1 0
s3MediaStreamer/app/pkg/client/postgresql/playlist.go:16.2,16.15 1 0
s3MediaStreamer/app/pkg/client/postgresql/playlist.go:16.15,18.69 1 0
s3MediaStreamer/app/pkg/client/postgresql/playlist.go:18.69,20.4 1 0
s3MediaStreamer/app/pkg/client/postgresql/playlist.go:24.2,38.16 4 0
s3MediaStreamer/app/pkg/client/postgresql/playlist.go:38.16,40.3 1 0
s3MediaStreamer/app/pkg/client/postgresql/playlist.go:43.2,44.16 2 0
s3MediaStreamer/app/pkg/client/postgresql/playlist.go:44.16,46.3 1 0
s3MediaStreamer/app/pkg/client/postgresql/playlist.go:49.2,50.16 2 0
s3MediaStreamer/app/pkg/client/postgresql/playlist.go:50.16,52.3 1 0
s3MediaStreamer/app/pkg/client/postgresql/playlist.go:54.2,54.12 1 0
s3MediaStreamer/app/pkg/client/postgresql/playlist.go:57.94,69.16 5 0
s3MediaStreamer/app/pkg/client/postgresql/playlist.go:69.16,71.3 1 0
s3MediaStreamer/app/pkg/client/postgresql/playlist.go:74.2,77.16 2 0
s3MediaStreamer/app/pkg/client/postgresql/playlist.go:77.16,79.3 1 0
s3MediaStreamer/app/pkg/client/postgresql/playlist.go:82.2,83.16 2 0
s3MediaStreamer/app/pkg/client/postgresql/playlist.go:83.16,85.3 1 0
s3MediaStreamer/app/pkg/client/postgresql/playlist.go:87.2,87.30 1 0
s3MediaStreamer/app/pkg/client/postgresql/playlist.go:90.60,99.16 5 0
s3MediaStreamer/app/pkg/client/postgresql/playlist.go:99.16,101.3 1 0
s3MediaStreamer/app/pkg/client/postgresql/playlist.go:104.2,105.16 2 0
s3MediaStreamer/app/pkg/client/postgresql/playlist.go:105.16,107.3 1 0
s3MediaStreamer/app/pkg/client/postgresql/playlist.go:109.2,109.12 1 0
s3MediaStreamer/app/pkg/client/postgresql/playlist.go:112.59,125.16 5 0
s3MediaStreamer/app/pkg/client/postgresql/playlist.go:125.16,127.3 1 0
s3MediaStreamer/app/pkg/client/postgresql/playlist.go:129.2,129.15 1 0
s3MediaStreamer/app/pkg/client/postgresql/playlist.go:129.15,131.3 1 0
s3MediaStreamer/app/pkg/client/postgresql/playlist.go:133.2,133.14 1 0
s3MediaStreamer/app/pkg/client/postgresql/playlist.go:136.59,139.16 2 0
s3MediaStreamer/app/pkg/client/postgresql/playlist.go:139.16,141.3 1 0
s3MediaStreamer/app/pkg/client/postgresql/playlist.go:142.2,142.15 1 0
s3MediaStreamer/app/pkg/client/postgresql/playlist.go:142.15,144.69 1 0
s3MediaStreamer/app/pkg/client/postgresql/playlist.go:144.69,146.4 1 0
s3MediaStreamer/app/pkg/client/postgresql/playlist.go:150.2,156.16 3 0
s3MediaStreamer/app/pkg/client/postgresql/playlist.go:156.16,158.3 1 0
s3MediaStreamer/app/pkg/client/postgresql/playlist.go:161.2,162.16 2 0
s3MediaStreamer/app/pkg/client/postgresql/playlist.go:162.16,164.3 1 0
s3MediaStreamer/app/pkg/client/postgresql/playlist.go:167.2,168.16 2 0
s3MediaStreamer/app/pkg/client/postgresql/playlist.go:168.16,170.3 1 0
s3MediaStreamer/app/pkg/client/postgresql/playlist.go:172.2,172.12 1 0
s3MediaStreamer/app/pkg/client/postgresql/playlist.go:176.98,178.16 2 0
s3MediaStreamer/app/pkg/client/postgresql/playlist.go:178.16,180.3 1 0
s3MediaStreamer/app/pkg/client/postgresql/playlist.go:181.2,181.15 1 0
s3MediaStreamer/app/pkg/client/postgresql/playlist.go:181.15,182.75 1 0
s3MediaStreamer/app/pkg/client/postgresql/playlist.go:182.75,184.4 1 0
s3MediaStreamer/app/pkg/client/postgresql/playlist.go:188.2,192.44 3 0
s3MediaStreamer/app/pkg/client/postgresql/playlist.go:192.44,195.3 2 0
s3MediaStreamer/app/pkg/client/postgresql/playlist.go:198.2,198.44 1 0
s3MediaStreamer/app/pkg/client/postgresql/playlist.go:198.44,201.13 2 0
s3MediaStreamer/app/pkg/client/postgresql/playlist.go:201.13,209.29 3 0
s3MediaStreamer/app/pkg/client/postgresql/playlist.go:209.29,211.5 1 0
s3MediaStreamer/app/pkg/client/postgresql/playlist.go:213.4,214.23 2 0
s3MediaStreamer/app/pkg/client/postgresql/playlist.go:214.23,216.5 1 0
s3MediaStreamer/app/pkg/client/postgresql/playlist.go:221.2,222.16 2 0
s3MediaStreamer/app/pkg/client/postgresql/playlist.go:222.16,224.3 1 0
s3MediaStreamer/app/pkg/client/postgresql/playlist.go:226.2,226.12 1 0
s3MediaStreamer/app/pkg/client/postgresql/playlist.go:230.82,240.16 3 0
s3MediaStreamer/app/pkg/client/postgresql/playlist.go:240.16,242.3 1 0
s3MediaStreamer/app/pkg/client/postgresql/playlist.go:245.2,246.16 2 0
s3MediaStreamer/app/pkg/client/postgresql/playlist.go:246.16,248.3 1 0
s3MediaStreamer/app/pkg/client/postgresql/playlist.go:249.2,252.18 3 0
s3MediaStreamer/app/pkg/client/postgresql/playlist.go:252.18,255.17 3 0
s3MediaStreamer/app/pkg/client/postgresql/playlist.go:255.17,257.4 1 0
s3MediaStreamer/app/pkg/client/postgresql/playlist.go:258.3,258.33 1 0
s3MediaStreamer/app/pkg/client/postgresql/playlist.go:261.2,261.20 1 0
s3MediaStreamer/app/pkg/client/postgresql/query_builder.go:10.93,15.29 4 0
s3MediaStreamer/app/pkg/client/postgresql/query_builder.go:15.29,18.3 2 0
s3MediaStreamer/app/pkg/client/postgresql/query_builder.go:20.2,25.20 2 0
s3MediaStreamer/app/pkg/client/postgresql/query_builder.go:29.121,33.22 3 0
s3MediaStreamer/app/pkg/client/postgresql/query_builder.go:33.22,35.3 1 0
s3MediaStreamer/app/pkg/client/postgresql/query_builder.go:37.2,39.20 2 0
s3MediaStreamer/app/pkg/client/postgresql/query_builder.go:43.110,47.22 3 0
s3MediaStreamer/app/pkg/client/postgresql/query_builder.go:47.22,49.3 1 0
s3MediaStreamer/app/pkg/client/postgresql/query_builder.go:51.2,53.20 2 0
s3MediaStreamer/app/pkg/client/postgresql/query_builder.go:57.92,61.22 3 0
s3MediaStreamer/app/pkg/client/postgresql/query_builder.go:61.22,63.3 1 0
s3MediaStreamer/app/pkg/client/postgresql/query_builder.go:65.2,67.20 2 0
s3MediaStreamer/app/pkg/client/postgresql/query_builder.go:71.89,74.16 3 0
s3MediaStreamer/app/pkg/client/postgresql/query_builder.go:74.16,76.3 1 0
s3MediaStreamer/app/pkg/client/postgresql/query_builder.go:78.2,80.16 3 0
s3MediaStreamer/app/pkg/client/postgresql/query_builder.go:80.16,82.3 1 0
s3MediaStreamer/app/pkg/client/postgresql/query_builder.go:84.2,84.23 1 0
s3MediaStreamer/app/pkg/client/postgresql/tracks.go:14.59,15.20 1 0
s3MediaStreamer/app/pkg/client/postgresql/tracks.go:15.20,17.3 1 0
s3MediaStreamer/app/pkg/client/postgresql/tracks.go:20.2,21.16 2 0
s3MediaStreamer/app/pkg/client/postgresql/tracks.go:21.16,23.3 1 0
s3MediaStreamer/app/pkg/client/postgresql/tracks.go:24.2,24.15 1 0
s3MediaStreamer/app/pkg/client/postgresql/tracks.go:24.15,26.69 1 0
s3MediaStreamer/app/pkg/client/postgresql/tracks.go:26.69,28.4 1 0
s3MediaStreamer/app/pkg/client/postgresql/tracks.go:32.2,35.29 2 0
s3MediaStreamer/app/pkg/client/postgresql/tracks.go:35.29,56.3 3 0
s3MediaStreamer/app/pkg/client/postgresql/tracks.go:59.2,62.39 2 0
s3MediaStreamer/app/pkg/client/postgresql/tracks.go:62.39,64.3 1 0
s3MediaStreamer/app/pkg/client/postgresql/tracks.go:67.2,68.16 2 0
s3MediaStreamer/app/pkg/client/postgresql/tracks.go:68.16,70.3 1 0
s3MediaStreamer/app/pkg/client/postgresql/tracks.go:72.2,72.12 1 0
s3MediaStreamer/app/pkg/client/postgresql/tracks.go:76.111,81.18 2 0
s3MediaStreamer/app/pkg/client/postgresql/tracks.go:81.18,86.37 3 0
s3MediaStreamer/app/pkg/client/postgresql/tracks.go:86.37,88.38 1 0
s3MediaStreamer/app/pkg/client/postgresql/tracks.go:88.38,92.5 2 0
s3MediaStreamer/app/pkg/client/postgresql/tracks.go:92.10,96.5 2 0
s3MediaStreamer/app/pkg/client/postgresql/tracks.go:98.3,98.38 1 0
s3MediaStreamer/app/pkg/client/postgresql/tracks.go:98.38,100.4 1 0
s3MediaStreamer/app/pkg/client/postgresql/tracks.go:103.3,108.57 3 0
s3MediaStreamer/app/pkg/client/postgresql/tracks.go:112.2,112.37 1 0
s3MediaStreamer/app/pkg/client/postgresql/tracks.go:112.37,114.3 1 0
s3MediaStreamer/app/pkg/client/postgresql/tracks.go:117.2,121.16 3 0
s3MediaStreamer/app/pkg/client/postgresql/tracks.go:121.16,123.3 1 0
s3MediaStreamer/app/pkg/client/postgresql/tracks.go:126.2,127.16 2 0
s3MediaStreamer/app/pkg/client/postgresql/tracks.go:127.16,129.3 1 0
s3MediaStreamer/app/pkg/client/postgresql/tracks.go:130.2,134.18 3 0
s3MediaStreamer/app/pkg/client/postgresql/tracks.go:134.18,142.17 3 0
s3MediaStreamer/app/pkg/client/postgresql/tracks.go:142.17,144.4 1 0
s3MediaStreamer/app/pkg/client/postgresql/tracks.go:145.3,145.33 1 0
s3MediaStreamer/app/pkg/client/postgresql/tracks.go:149.2,150.21 2 0
s3MediaStreamer/app/pkg/client/postgresql/tracks.go:150.21,152.3 1 0
s3MediaStreamer/app/pkg/client/postgresql/tracks.go:154.2,154.31 1 0
s3MediaStreamer/app/pkg/client/postgresql/tracks.go:158.83,164.16 5 0
s3MediaStreamer/app/pkg/client/postgresql/tracks.go:164.16,166.3 1 0
s3MediaStreamer/app/pkg/client/postgresql/tracks.go:169.2,170.21 2 0
s3MediaStreamer/app/pkg/client/postgresql/tracks.go:170.21,172.3 1 0
s3MediaStreamer/app/pkg/client/postgresql/tracks.go:173.2,176.18 3 0
s3MediaStreamer/app/pkg/client/postgresql/tracks.go:176.18,178.3 1 0
s3MediaStreamer/app/pkg/client/postgresql/tracks.go:179.2,185.16 2 0
s3MediaStreamer/app/pkg/client/postgresql/tracks.go:185.16,187.3 1 0
s3MediaStreamer/app/pkg/client/postgresql/tracks.go:189.2,189.20 1 0
s3MediaStreamer/app/pkg/client/postgresql/tracks.go:193.61,203.16 5 0
s3MediaStreamer/app/pkg/client/postgresql/tracks.go:203.16,205.3 1 0
s3MediaStreamer/app/pkg/client/postgresql/tracks.go:208.2,209.16 2 0
s3MediaStreamer/app/pkg/client/postgresql/tracks.go:209.16,211.3 1 0
s3MediaStreamer/app/pkg/client/postgresql/tracks.go:213.2,213.12 1 0
s3MediaStreamer/app/pkg/client/postgresql/tracks.go:217.44,223.16 3 0
s3MediaStreamer/app/pkg/client/postgresql/tracks.go:223.16,225.3 1 0
s3MediaStreamer/app/pkg/client/postgresql/tracks.go:228.2,229.16 2 0
s3MediaStreamer/app/pkg/client/postgresql/tracks.go:229.16,231.3 1 0
s3MediaStreamer/app/pkg/client/postgresql/tracks.go:233.2,233.12 1 0
s3MediaStreamer/app/pkg/client/postgresql/tracks.go:237.59,259.16 5 0
s3MediaStreamer/app/pkg/client/postgresql/tracks.go:259.16,261.3 1 0
s3MediaStreamer/app/pkg/client/postgresql/tracks.go:264.2,265.16 2 0
s3MediaStreamer/app/pkg/client/postgresql/tracks.go:265.16,267.3 1 0
s3MediaStreamer/app/pkg/client/postgresql/tracks.go:269.2,269.12 1 0
s3MediaStreamer/app/pkg/client/postgresql/tracks.go:272.58,278.2 2 0
s3MediaStreamer/app/pkg/client/postgresql/tracks.go:280.73,283.16 2 0
s3MediaStreamer/app/pkg/client/postgresql/tracks.go:283.16,285.3 1 0
s3MediaStreamer/app/pkg/client/postgresql/tracks.go:286.2,286.15 1 0
s3MediaStreamer/app/pkg/client/postgresql/tracks.go:286.15,288.69 1 0
s3MediaStreamer/app/pkg/client/postgresql/tracks.go:288.69,290.4 1 0
s3MediaStreamer/app/pkg/client/postgresql/tracks.go:294.2,301.16 3 0
s3MediaStreamer/app/pkg/client/postgresql/tracks.go:301.16,303.3 1 0
s3MediaStreamer/app/pkg/client/postgresql/tracks.go:306.2,307.16 2 0
s3MediaStreamer/app/pkg/client/postgresql/tracks.go:307.16,309.3 1 0
s3MediaStreamer/app/pkg/client/postgresql/tracks.go:312.2,313.16 2 0
s3MediaStreamer/app/pkg/client/postgresql/tracks.go:313.16,315.3 1 0
s3MediaStreamer/app/pkg/client/postgresql/tracks.go:317.2,317.12 1 0
s3MediaStreamer/app/pkg/client/postgresql/tracks.go:320.78,323.16 2 0
s3MediaStreamer/app/pkg/client/postgresql/tracks.go:323.16,325.3 1 0
s3MediaStreamer/app/pkg/client/postgresql/tracks.go:326.2,326.15 1 0
s3MediaStreamer/app/pkg/client/postgresql/tracks.go:326.15,328.69 1 0
s3MediaStreamer/app/pkg/client/postgresql/tracks.go:328.69,330.4 1 0
s3MediaStreamer/app/pkg/client/postgresql/tracks.go:334.2,340.16 3 0
s3MediaStreamer/app/pkg/client/postgresql/tracks.go:340.16,342.3 1 0
s3MediaStreamer/app/pkg/client/postgresql/tracks.go:345.2,346.16 2 0
s3MediaStreamer/app/pkg/client/postgresql/tracks.go:346.16,348.3 1 0
s3MediaStreamer/app/pkg/client/postgresql/tracks.go:351.2,352.16 2 0
s3MediaStreamer/app/pkg/client/postgresql/tracks.go:352.16,354.3 1 0
s3MediaStreamer/app/pkg/client/postgresql/tracks.go:356.2,356.12 1 0
s3MediaStreamer/app/pkg/client/postgresql/tracks.go:359.86,361.16 2 0
s3MediaStreamer/app/pkg/client/postgresql/tracks.go:361.16,363.3 1 0
s3MediaStreamer/app/pkg/client/postgresql/tracks.go:364.2,364.15 1 0
s3MediaStreamer/app/pkg/client/postgresql/tracks.go:364.15,366.69 1 0
s3MediaStreamer/app/pkg/client/postgresql/tracks.go:366.69,368.4 1 0
s3MediaStreamer/app/pkg/client/postgresql/tracks.go:372.2,379.16 3 0
s3MediaStreamer/app/pkg/client/postgresql/tracks.go:379.16,381.3 1 0
s3MediaStreamer/app/pkg/client/postgresql/tracks.go:384.2,385.16 2 0
s3MediaStreamer/app/pkg/client/postgresql/tracks.go:385.16,387.3 1 0
s3MediaStreamer/app/pkg/client/postgresql/tracks.go:388.2,393.18 3 0
s3MediaStreamer/app/pkg/client/postgresql/tracks.go:393.18,400.48 4 0
s3MediaStreamer/app/pkg/client/postgresql/tracks.go:400.48,402.4 1 0
s3MediaStreamer/app/pkg/client/postgresql/tracks.go:404.3,404.49 1 0
s3MediaStreamer/app/pkg/client/postgresql/tracks.go:407.2,407.28 1 0
s3MediaStreamer/app/pkg/client/postgresql/users.go:14.87,28.16 5 0
s3MediaStreamer/app/pkg/client/postgresql/users.go:28.16,29.36 1 0
s3MediaStreamer/app/pkg/client/postgresql/users.go:29.36,31.4 1 0
s3MediaStreamer/app/pkg/client/postgresql/users.go:32.3,32.19 1 0
s3MediaStreamer/app/pkg/client/postgresql/users.go:35.2,35.18 1 0
s3MediaStreamer/app/pkg/client/postgresql/users.go:39.54,55.16 4 0
s3MediaStreamer/app/pkg/client/postgresql/users.go:55.16,57.3 1 0
s3MediaStreamer/app/pkg/client/postgresql/users.go:59.2,59.12 1 0
s3MediaStreamer/app/pkg/client/postgresql/users.go:63.51,72.16 4 0
s3MediaStreamer/app/pkg/client/postgresql/users.go:72.16,74.3 1 0
s3MediaStreamer/app/pkg/client/postgresql/users.go:77.2,77.32 1 0
s3MediaStreamer/app/pkg/client/postgresql/users.go:77.32,79.3 1 0
s3MediaStreamer/app/pkg/client/postgresql/users.go:81.2,81.12 1 0
s3MediaStreamer/app/pkg/client/postgresql/users.go:85.82,90.36 2 0
s3MediaStreamer/app/pkg/client/postgresql/users.go:90.36,92.3 1 0
s3MediaStreamer/app/pkg/client/postgresql/users.go:95.2,99.16 3 0
s3MediaStreamer/app/pkg/client/postgresql/users.go:99.16,101.3 1 0
s3MediaStreamer/app/pkg/client/postgresql/users.go:104.2,105.16 2 0
s3MediaStreamer/app/pkg/client/postgresql/users.go:105.16,107.3 1 0
s3MediaStreamer/app/pkg/client/postgresql/users.go:109.2,109.12 1 0
s3MediaStreamer/app/pkg/client/postgresql/utils.go:10.100,13.6 2 0
s3MediaStreamer/app/pkg/client/postgresql/utils.go:13.6,16.17 2 0
s3MediaStreamer/app/pkg/client/postgresql/utils.go:16.17,18.4 1 0
s3MediaStreamer/app/pkg/client/postgresql/utils.go:21.3,22.17 2 0
s3MediaStreamer/app/pkg/client/postgresql/utils.go:22.17,24.4 1 0
s3MediaStreamer/app/pkg/client/postgresql/utils.go:26.3,28.19 2 0
s3MediaStreamer/app/pkg/client/postgresql/utils.go:28.19,44.18 3 0
s3MediaStreamer/app/pkg/client/postgresql/utils.go:44.18,46.5 1 0
s3MediaStreamer/app/pkg/client/postgresql/utils.go:47.4,47.32 1 0
s3MediaStreamer/app/pkg/client/postgresql/utils.go:50.3,52.22 2 0
s3MediaStreamer/app/pkg/client/postgresql/utils.go:52.22,54.9 1 0
s3MediaStreamer/app/pkg/client/postgresql/utils.go:57.3,60.59 2 0
s3MediaStreamer/app/pkg/client/postgresql/utils.go:63.2,63.20 1 0
s3MediaStreamer/app/pkg/web/gin/authController.go:13.59,23.16 5 0
s3MediaStreamer/app/pkg/web/gin/authController.go:23.16,25.3 1 0
s3MediaStreamer/app/pkg/web/gin/authController.go:27.2,27.25 1 0
s3MediaStreamer/app/pkg/web/gin/authController.go:31.60,41.16 5 0
s3MediaStreamer/app/pkg/web/gin/authController.go:41.16,43.3 1 0
s3MediaStreamer/app/pkg/web/gin/authController.go:45.2,45.26 1 0
s3MediaStreamer/app/pkg/web/gin/authController.go:48.100,50.16 2 0
s3MediaStreamer/app/pkg/web/gin/authController.go:50.16,52.3 1 0
s3MediaStreamer/app/pkg/web/gin/authController.go:54.2,55.16 2 0
s3MediaStreamer/app/pkg/web/gin/authController.go:55.16,57.3 1 0
s3MediaStreamer/app/pkg/web/gin/authController.go:60.2,61.16 2 0
s3MediaStreamer/app/pkg/web/gin/authController.go:61.16,63.3 1 0
s3MediaStreamer/app/pkg/web/gin/authController.go:66.2,70.39 4 0
s3MediaStreamer/app/pkg/web/gin/authHandler.go:27.43,32.42 3 0
s3MediaStreamer/app/pkg/web/gin/authHandler.go:32.42,35.3 2 0
s3MediaStreamer/app/pkg/web/gin/authHandler.go:38.2,39.16 2 0
s3MediaStreamer/app/pkg/web/gin/authHandler.go:39.16,43.3 3 0
s3MediaStreamer/app/pkg/web/gin/authHandler.go:45.2,46.16 2 0
s3MediaStreamer/app/pkg/web/gin/authHandler.go:46.16,50.3 3 0
s3MediaStreamer/app/pkg/web/gin/authHandler.go:52.2,61.16 3 0
s3MediaStreamer/app/pkg/web/gin/authHandler.go:61.16,65.3 3 0
s3MediaStreamer/app/pkg/web/gin/authHandler.go:67.2,68.34 2 0
s3MediaStreamer/app/pkg/web/gin/authHandler.go:83.40,87.42 3 0
s3MediaStreamer/app/pkg/web/gin/authHandler.go:87.42,90.3 2 0
s3MediaStreamer/app/pkg/web/gin/authHandler.go:92.2,93.16 2 0
s3MediaStreamer/app/pkg/web/gin/authHandler.go:93.16,97.3 3 0
s3MediaStreamer/app/pkg/web/gin/authHandler.go:99.2,100.22 2 0
s3MediaStreamer/app/pkg/web/gin/authHandler.go:100.22,105.3 4 0
s3MediaStreamer/app/pkg/web/gin/authHandler.go:107.2,112.16 3 0
s3MediaStreamer/app/pkg/web/gin/authHandler.go:112.16,115.3 2 0
s3MediaStreamer/app/pkg/web/gin/authHandler.go:117.2,118.16 2 0
s3MediaStreamer/app/pkg/web/gin/authHandler.go:118.16,121.3 2 0
s3MediaStreamer/app/pkg/web/gin/authHandler.go:123.2,134.38 5 0
s3MediaStreamer/app/pkg/web/gin/authHandler.go:148.45,152.42 3 0
s3MediaStreamer/app/pkg/web/gin/authHandler.go:152.42,155.3 2 0
s3MediaStreamer/app/pkg/web/gin/authHandler.go:156.2,157.9 2 0
s3MediaStreamer/app/pkg/web/gin/authHandler.go:157.9,160.3 2 0
s3MediaStreamer/app/pkg/web/gin/authHandler.go:163.2,163.32 1 0
s3MediaStreamer/app/pkg/web/gin/authHandler.go:163.32,166.3 2 0
s3MediaStreamer/app/pkg/web/gin/authHandler.go:168.2,169.16 2 0
s3MediaStreamer/app/pkg/web/gin/authHandler.go:169.16,173.3 3 0
s3MediaStreamer/app/pkg/web/gin/authHandler.go:175.2,176.16 2 0
s3MediaStreamer/app/pkg/web/gin/authHandler.go:176.16,180.3 3 0
s3MediaStreamer/app/pkg/web/gin/authHandler.go:181.2,182.66 2 0
s3MediaStreamer/app/pkg/web/gin/authHandler.go:196.41,203.16 7 0
s3MediaStreamer/app/pkg/web/gin/authHandler.go:203.16,207.3 3 0
s3MediaStreamer/app/pkg/web/gin/authHandler.go:208.2,209.61 2 0
s3MediaStreamer/app/pkg/web/gin/authHandler.go:223.39,225.16 2 0
s3MediaStreamer/app/pkg/web/gin/authHandler.go:225.16,228.3 2 0
s3MediaStreamer/app/pkg/web/gin/authHandler.go:230.2,232.16 3 0
s3MediaStreamer/app/pkg/web/gin/authHandler.go:232.16,235.3 2 0
s3MediaStreamer/app/pkg/web/gin/authHandler.go:237.2,244.38 2 0
s3MediaStreamer/app/pkg/web/gin/authHandler.go:259.54,263.42 2 0
s3MediaStreamer/app/pkg/web/gin/authHandler.go:263.42,266.3 2 0
s3MediaStreamer/app/pkg/web/gin/authHandler.go:268.2,269.13 2 0
s3MediaStreamer/app/pkg/web/gin/authHandler.go:269.13,272.3 2 0
s3MediaStreamer/app/pkg/web/gin/authHandler.go:274.2,277.102 2 0
s3MediaStreamer/app/pkg/web/gin/authHandler.go:277.102,279.3 1 0
s3MediaStreamer/app/pkg/web/gin/authHandler.go:280.2,280.32 1 0
s3MediaStreamer/app/pkg/web/gin/authHandler.go:280.32,283.3 2 0
s3MediaStreamer/app/pkg/web/gin/authHandler.go:285.2,286.9 2 0
s3MediaStreamer/app/pkg/web/gin/authHandler.go:286.9,289.3 2 0
s3MediaStreamer/app/pkg/web/gin/authHandler.go:292.2,293.54 2 0
s3MediaStreamer/app/pkg/web/gin/authHandler.go:293.54,296.3 2 0
s3MediaStreamer/app/pkg/web/gin/authHandler.go:299.2,300.16 2 0
s3MediaStreamer/app/pkg/web/gin/authHandler.go:300.16,303.3 2 0
s3MediaStreamer/app/pkg/web/gin/authHandler.go:305.2,306.16 2 0
s3MediaStreamer/app/pkg/web/gin/authHandler.go:306.16,309.3 2 0
s3MediaStreamer/app/pkg/web/gin/authHandler.go:312.2,321.16 4 0
s3MediaStreamer/app/pkg/web/gin/authHandler.go:321.16,324.3 1 0
s3MediaStreamer/app/pkg/web/gin/casbin.go:18.63,23.16 4 0
s3MediaStreamer/app/pkg/web/gin/casbin.go:23.16,25.3 1 0
s3MediaStreamer/app/pkg/web/gin/casbin.go:27.2,27.22 1 0
s3MediaStreamer/app/pkg/web/gin/casbin.go:30.69,32.16 2 0
s3MediaStreamer/app/pkg/web/gin/casbin.go:32.16,35.3 2 0
s3MediaStreamer/app/pkg/web/gin/casbin.go:37.2,38.78 2 0
s3MediaStreamer/app/pkg/web/gin/casbin.go:38.78,39.58 1 0
s3MediaStreamer/app/pkg/web/gin/casbin.go:39.58,41.4 1 0
s3MediaStreamer/app/pkg/web/gin/casbin.go:42.3,42.18 1 0
s3MediaStreamer/app/pkg/web/gin/casbin.go:45.2,45.16 1 0
s3MediaStreamer/app/pkg/web/gin/casbin.go:45.16,48.3 2 0
s3MediaStreamer/app/pkg/web/gin/casbin.go:50.2,51.25 2 0
s3MediaStreamer/app/pkg/web/gin/casbin.go:51.25,54.3 2 0
s3MediaStreamer/app/pkg/web/gin/casbin.go:55.2,55.36 1 0
s3MediaStreamer/app/pkg/web/gin/casbin.go:58.62,59.30 1 0
s3MediaStreamer/app/pkg/web/gin/casbin.go:59.30,61.17 2 0
s3MediaStreamer/app/pkg/web/gin/casbin.go:61.17,62.40 1 0
s3MediaStreamer/app/pkg/web/gin/casbin.go:62.40,67.5 1 0
s3MediaStreamer/app/pkg/web/gin/casbin.go:69.4,71.10 3 0
s3MediaStreamer/app/pkg/web/gin/casbin.go:75.3,76.81 2 0
s3MediaStreamer/app/pkg/web/gin/casbin.go:76.81,77.59 1 0
s3MediaStreamer/app/pkg/web/gin/casbin.go:77.59,79.5 1 0
s3MediaStreamer/app/pkg/web/gin/casbin.go:80.4,80.19 1 0
s3MediaStreamer/app/pkg/web/gin/casbin.go:82.3,82.33 1 0
s3MediaStreamer/app/pkg/web/gin/casbin.go:82.33,87.4 3 0
s3MediaStreamer/app/pkg/web/gin/casbin.go:89.3,90.10 2 0
s3MediaStreamer/app/pkg/web/gin/casbin.go:90.10,95.4 3 0
s3MediaStreamer/app/pkg/web/gin/casbin.go:97.3,97.54 1 0
s3MediaStreamer/app/pkg/web/gin/casbin.go:97.54,99.4 1 0
s3MediaStreamer/app/pkg/web/gin/casbin.go:99.9,103.4 2 0
s3MediaStreamer/app/pkg/web/gin/casbin.go:105.3,105.11 1 0
s3MediaStreamer/app/pkg/web/gin/casbin.go:110.59,111.30 1 0
s3MediaStreamer/app/pkg/web/gin/casbin.go:111.30,121.17 6 0
s3MediaStreamer/app/pkg/web/gin/casbin.go:121.17,126.4 3 0
s3MediaStreamer/app/pkg/web/gin/casbin.go:128.3,128.14 1 0
s3MediaStreamer/app/pkg/web/gin/casbin.go:128.14,130.4 1 0
s3MediaStreamer/app/pkg/web/gin/casbin.go:130.9,132.4 1 0
s3MediaStreamer/app/pkg/web/gin/cors.go:16.31,30.2 1 0
s3MediaStreamer/app/pkg/web/gin/cors.go:32.36,34.2 1 0
s3MediaStreamer/app/pkg/web/gin/handlers.go:44.27,46.2 1 1
s3MediaStreamer/app/pkg/web/gin/handlers.go:65.47,78.42 9 0
s3MediaStreamer/app/pkg/web/gin/handlers.go:78.42,82.3 3 0
s3MediaStreamer/app/pkg/web/gin/handlers.go:83.2,89.82 2 0
s3MediaStreamer/app/pkg/web/gin/handlers.go:89.82,91.3 1 0
s3MediaStreamer/app/pkg/web/gin/handlers.go:94.2,98.16 3 0
s3MediaStreamer/app/pkg/web/gin/handlers.go:98.16,102.3 3 0
s3MediaStreamer/app/pkg/web/gin/handlers.go:105.2,110.60 4 0
s3MediaStreamer/app/pkg/web/gin/handlers.go:110.60,112.3 1 0
s3MediaStreamer/app/pkg/web/gin/handlers.go:114.2,121.40 8 0
s3MediaStreamer/app/pkg/web/gin/handlers.go:138.45,144.44 3 0
s3MediaStreamer/app/pkg/web/gin/handlers.go:144.44,148.3 3 0
s3MediaStreamer/app/pkg/web/gin/handlers.go:151.2,154.26 3 0
s3MediaStreamer/app/pkg/web/gin/handlers.go:154.26,157.3 2 0
s3MediaStreamer/app/pkg/web/gin/handlers.go:160.2,160.24 1 0
s3MediaStreamer/app/pkg/web/gin/handlers.go:160.24,170.17 7 0
s3MediaStreamer/app/pkg/web/gin/handlers.go:170.17,174.4 3 0
s3MediaStreamer/app/pkg/web/gin/handlers.go:176.3,177.17 2 0
s3MediaStreamer/app/pkg/web/gin/handlers.go:177.17,181.4 3 0
s3MediaStreamer/app/pkg/web/gin/handlers.go:182.3,190.70 7 0
s3MediaStreamer/app/pkg/web/gin/handlers.go:190.70,193.4 2 0
s3MediaStreamer/app/pkg/web/gin/handlers.go:196.3,197.17 2 0
s3MediaStreamer/app/pkg/web/gin/handlers.go:197.17,199.12 2 0
s3MediaStreamer/app/pkg/web/gin/handlers.go:204.2,204.30 1 0
s3MediaStreamer/app/pkg/web/gin/handlers.go:204.30,206.39 2 0
s3MediaStreamer/app/pkg/web/gin/handlers.go:206.39,208.4 1 0
s3MediaStreamer/app/pkg/web/gin/handlers.go:209.3,210.9 2 0
s3MediaStreamer/app/pkg/web/gin/handlers.go:214.2,214.66 1 0
s3MediaStreamer/app/pkg/web/gin/handlers.go:214.66,217.3 2 0
s3MediaStreamer/app/pkg/web/gin/handlers.go:219.2,219.44 1 0
s3MediaStreamer/app/pkg/web/gin/handlers.go:237.47,245.16 4 0
s3MediaStreamer/app/pkg/web/gin/handlers.go:245.16,246.36 1 0
s3MediaStreamer/app/pkg/web/gin/handlers.go:246.36,248.4 1 0
s3MediaStreamer/app/pkg/web/gin/handlers.go:248.9,251.4 2 0
s3MediaStreamer/app/pkg/web/gin/handlers.go:252.3,252.9 1 0
s3MediaStreamer/app/pkg/web/gin/handlers.go:254.2,254.39 1 0
s3MediaStreamer/app/pkg/web/gin/handlers.go:268.47,275.16 3 0
s3MediaStreamer/app/pkg/web/gin/handlers.go:275.16,279.3 3 0
s3MediaStreamer/app/pkg/web/gin/handlers.go:280.2,280.71 1 0
s3MediaStreamer/app/pkg/web/gin/handlers.go:296.48,305.16 4 0
s3MediaStreamer/app/pkg/web/gin/handlers.go:305.16,306.36 1 0
s3MediaStreamer/app/pkg/web/gin/handlers.go:306.36,308.4 1 0
s3MediaStreamer/app/pkg/web/gin/handlers.go:308.9,311.4 2 0
s3MediaStreamer/app/pkg/web/gin/handlers.go:312.3,312.9 1 0
s3MediaStreamer/app/pkg/web/gin/handlers.go:315.2,316.16 2 0
s3MediaStreamer/app/pkg/web/gin/handlers.go:316.16,320.3 3 0
s3MediaStreamer/app/pkg/web/gin/handlers.go:321.2,321.71 1 0
s3MediaStreamer/app/pkg/web/gin/handlers.go:338.46,348.54 4 0
s3MediaStreamer/app/pkg/web/gin/handlers.go:348.54,351.3 2 0
s3MediaStreamer/app/pkg/web/gin/handlers.go:352.2,357.50 5 0
s3MediaStreamer/app/pkg/web/gin/handlers.go:357.50,360.3 2 0
s3MediaStreamer/app/pkg/web/gin/handlers.go:362.2,363.19 2 0
s3MediaStreamer/app/pkg/web/gin/handlers.go:363.19,364.39 1 0
s3MediaStreamer/app/pkg/web/gin/handlers.go:364.39,366.4 1 0
s3MediaStreamer/app/pkg/web/gin/handlers.go:366.9,369.4 2 0
s3MediaStreamer/app/pkg/web/gin/handlers.go:370.3,370.9 1 0
s3MediaStreamer/app/pkg/web/gin/handlers.go:373.2,373.26 1 0
s3MediaStreamer/app/pkg/web/gin/handlers.go:373.26,375.3 1 0
s3MediaStreamer/app/pkg/web/gin/handlers.go:376.2,376.27 1 0
s3MediaStreamer/app/pkg/web/gin/handlers.go:376.27,378.3 1 0
s3MediaStreamer/app/pkg/web/gin/handlers.go:379.2,379.30 1 0
s3MediaStreamer/app/pkg/web/gin/handlers.go:379.30,381.3 1 0
s3MediaStreamer/app/pkg/web/gin/handlers.go:383.2,383.32 1 0
s3MediaStreamer/app/pkg/web/gin/handlers.go:383.32,385.3 1 0
s3MediaStreamer/app/pkg/web/gin/handlers.go:386.2,393.16 5 0
s3MediaStreamer/app/pkg/web/gin/handlers.go:393.16,396.3 2 0
s3MediaStreamer/app/pkg/web/gin/handlers.go:398.2,398.46 1 0
s3MediaStreamer/app/pkg/web/gin/job.go:19.32,21.2 1 0
s3MediaStreamer/app/pkg/web/gin/loging.go:14.43,16.2 1 0
s3MediaStreamer/app/pkg/web/gin/loging.go:18.77,19.50 1 0
s3MediaStreamer/app/pkg/web/gin/loging.go:19.50,21.3 1 0
s3MediaStreamer/app/pkg/web/gin/loging.go:25.71,26.32 1 0
s3MediaStreamer/app/pkg/web/gin/loging.go:26.32,55.3 10 0
s3MediaStreamer/app/pkg/web/gin/main.go:38.101,41.31 2 0
s3MediaStreamer/app/pkg/web/gin/main.go:42.15,43.29 1 0
s3MediaStreamer/app/pkg/web/gin/main.go:44.14,45.28 1 0
s3MediaStreamer/app/pkg/web/gin/main.go:46.17,47.31 1 0
s3MediaStreamer/app/pkg/web/gin/main.go:48.10,49.31 1 0
s3MediaStreamer/app/pkg/web/gin/main.go:51.2,64.16 11 0
s3MediaStreamer/app/pkg/web/gin/main.go:64.16,66.3 1 0
s3MediaStreamer/app/pkg/web/gin/main.go:68.2,72.16 4 0
s3MediaStreamer/app/pkg/web/gin/main.go:72.16,74.3 1 0
s3MediaStreamer/app/pkg/web/gin/main.go:76.2,76.54 1 0
s3MediaStreamer/app/pkg/web/gin/main.go:76.54,78.3 1 0
s3MediaStreamer/app/pkg/web/gin/main.go:81.2,88.18 6 0
s3MediaStreamer/app/pkg/web/gin/main.go:88.18,92.3 3 0
s3MediaStreamer/app/pkg/web/gin/main.go:93.2,94.16 2 0
s3MediaStreamer/app/pkg/web/gin/main.go:94.16,96.3 1 0
s3MediaStreamer/app/pkg/web/gin/main.go:98.2,107.8 1 0
s3MediaStreamer/app/pkg/web/gin/main.go:110.43,112.2 1 0
s3MediaStreamer/app/pkg/web/gin/main.go:114.49,125.29 7 0
s3MediaStreamer/app/pkg/web/gin/main.go:125.29,127.3 1 0
s3MediaStreamer/app/pkg/web/gin/main.go:128.2,139.38 6 0
s3MediaStreamer/app/pkg/web/gin/main.go:142.37,144.2 1 0
s3MediaStreamer/app/pkg/web/gin/main.go:146.38,148.47 2 0
s3MediaStreamer/app/pkg/web/gin/main.go:148.47,150.3 1 0
s3MediaStreamer/app/pkg/web/gin/main.go:151.2,155.96 4 0
s3MediaStreamer/app/pkg/web/gin/main.go:155.96,156.40 1 0
s3MediaStreamer/app/pkg/web/gin/main.go:156.40,158.4 1 0
s3MediaStreamer/app/pkg/web/gin/main.go:159.3,159.21 1 0
s3MediaStreamer/app/pkg/web/gin/main.go:163.45,171.12 3 0
s3MediaStreamer/app/pkg/web/gin/main.go:171.12,172.80 1 0
s3MediaStreamer/app/pkg/web/gin/main.go:172.80,174.4 1 0
s3MediaStreamer/app/pkg/web/gin/main.go:177.2,177.15 1 0
s3MediaStreamer/app/pkg/web/gin/main.go:180.54,184.53 3 0
s3MediaStreamer/app/pkg/web/gin/main.go:184.53,186.3 1 0
s3MediaStreamer/app/pkg/web/gin/main.go:189.81,191.2 1 0
s3MediaStreamer/app/pkg/web/gin/mocks.go:13.44,16.2 1 0
s3MediaStreamer/app/pkg/web/gin/mocks.go:18.58,21.2 1 0
s3MediaStreamer/app/pkg/web/gin/mocks.go:23.79,28.30 1 0
s3MediaStreamer/app/pkg/web/gin/mocks.go:28.30,29.35 1 0
s3MediaStreamer/app/pkg/web/gin/mocks.go:29.35,32.4 1 0
s3MediaStreamer/app/pkg/web/gin/mocks.go:37.2,37.62 1 0
s3MediaStreamer/app/pkg/web/gin/mocks.go:40.57,45.41 1 0
s3MediaStreamer/app/pkg/web/gin/mocks.go:45.41,46.35 1 0
s3MediaStreamer/app/pkg/web/gin/mocks.go:46.35,51.4 2 0
s3MediaStreamer/app/pkg/web/gin/mocks.go:56.2,56.57 1 0
s3MediaStreamer/app/pkg/web/gin/mocks.go:59.46,66.2 2 0
s3MediaStreamer/app/pkg/web/gin/otpHandler.go:25.46,28.51 2 0
s3MediaStreamer/app/pkg/web/gin/otpHandler.go:28.51,31.3 2 0
s3MediaStreamer/app/pkg/web/gin/otpHandler.go:33.2,34.16 2 0
s3MediaStreamer/app/pkg/web/gin/otpHandler.go:34.16,37.3 2 0
s3MediaStreamer/app/pkg/web/gin/otpHandler.go:39.2,44.16 2 0
s3MediaStreamer/app/pkg/web/gin/otpHandler.go:44.16,45.13 1 0
s3MediaStreamer/app/pkg/web/gin/otpHandler.go:48.2,53.16 3 0
s3MediaStreamer/app/pkg/web/gin/otpHandler.go:53.16,56.3 2 0
s3MediaStreamer/app/pkg/web/gin/otpHandler.go:58.2,62.36 2 0
s3MediaStreamer/app/pkg/web/gin/otpHandler.go:78.44,81.51 2 0
s3MediaStreamer/app/pkg/web/gin/otpHandler.go:81.51,84.3 2 0
s3MediaStreamer/app/pkg/web/gin/otpHandler.go:86.2,88.16 3 0
s3MediaStreamer/app/pkg/web/gin/otpHandler.go:88.16,91.3 2 0
s3MediaStreamer/app/pkg/web/gin/otpHandler.go:93.2,94.12 2 0
s3MediaStreamer/app/pkg/web/gin/otpHandler.go:94.12,97.3 2 0
s3MediaStreamer/app/pkg/web/gin/otpHandler.go:99.2,105.16 3 0
s3MediaStreamer/app/pkg/web/gin/otpHandler.go:105.16,108.3 2 0
s3MediaStreamer/app/pkg/web/gin/otpHandler.go:110.2,116.74 2 0
s3MediaStreamer/app/pkg/web/gin/otpHandler.go:134.46,137.51 2 0
s3MediaStreamer/app/pkg/web/gin/otpHandler.go:137.51,140.3 2 0
s3MediaStreamer/app/pkg/web/gin/otpHandler.go:142.2,145.16 3 0
s3MediaStreamer/app/pkg/web/gin/otpHandler.go:145.16,148.3 2 0
s3MediaStreamer/app/pkg/web/gin/otpHandler.go:150.2,151.12 2 0
s3MediaStreamer/app/pkg/web/gin/otpHandler.go:151.12,154.3 2 0
s3MediaStreamer/app/pkg/web/gin/otpHandler.go:156.2,156.49 1 0
s3MediaStreamer/app/pkg/web/gin/otpHandler.go:173.45,176.51 2 0
s3MediaStreamer/app/pkg/web/gin/otpHandler.go:176.51,179.3 2 0
s3MediaStreamer/app/pkg/web/gin/otpHandler.go:181.2,182.16 2 0
s3MediaStreamer/app/pkg/web/gin/otpHandler.go:182.16,185.3 2 0
s3MediaStreamer/app/pkg/web/gin/otpHandler.go:187.2,192.16 3 0
s3MediaStreamer/app/pkg/web/gin/otpHandler.go:192.16,195.3 2 0
s3MediaStreamer/app/pkg/web/gin/otpHandler.go:197.2,203.74 2 0
s3MediaStreamer/app/pkg/web/gin/route_v1.go:11.37,13.2 2 0
s3MediaStreamer/app/pkg/web/gin/route_v1.go:13.2,15.3 2 0
s3MediaStreamer/app/pkg/web/gin/route_v1.go:15.3,24.4 9 0
s3MediaStreamer/app/pkg/web/gin/route_v1.go:24.4,29.5 4 0
s3MediaStreamer/app/pkg/web/gin/route_v1.go:31.3,32.3 2 0
s3MediaStreamer/app/pkg/web/gin/route_v1.go:32.3,39.4 6 0
s3MediaStreamer/app/pkg/web/gin/route_v1.go:40.3,42.3 3 0
s3MediaStreamer/app/pkg/web/gin/route_v1.go:42.3,43.41 1 0
s3MediaStreamer/app/pkg/web/gin/route_v1.go:43.41,45.5 1 0
s3MediaStreamer/app/pkg/web/gin/route_v1.go:46.4,46.70 1 0
s3MediaStreamer/app/pkg/web/gin/route_v1.go:48.3,49.3 2 0
s3MediaStreamer/app/pkg/web/gin/route_v1.go:49.3,52.4 2 0
s3MediaStreamer/app/pkg/web/gin/route_v1.go:53.3,54.3 2 0
s3MediaStreamer/app/pkg/web/gin/route_v1.go:54.3,61.4 6 0
s3MediaStreamer/app/pkg/web/gin/route_v1.go:63.3,64.3 2 0
s3MediaStreamer/app/pkg/web/gin/route_v1.go:64.3,66.4 1 0
s3MediaStreamer/app/pkg/web/gin/services.go:8.109,11.21 2 0
s3MediaStreamer/app/pkg/web/gin/services.go:11.21,14.3 2 0
s3MediaStreamer/app/pkg/web/gin/services.go:16.2,16.30 1 0
s3MediaStreamer/app/pkg/web/gin/services.go:16.30,19.3 2 0
s3MediaStreamer/app/pkg/web/gin/services.go:21.2,21.20 1 0
s3MediaStreamer/app/pkg/web/gin/services.go:21.20,26.3 4 0
s3MediaStreamer/app/pkg/web/gin/services.go:28.2,28.34 1 0
s3MediaStreamer/app/pkg/web/gin/session.go:35.103,40.40 3 0
s3MediaStreamer/app/pkg/web/gin/session.go:41.16,42.72 1 0
s3MediaStreamer/app/pkg/web/gin/session.go:43.16,44.74 1 0
s3MediaStreamer/app/pkg/web/gin/session.go:45.19,47.107 2 0
s3MediaStreamer/app/pkg/web/gin/session.go:48.15,53.17 4 0
s3MediaStreamer/app/pkg/web/gin/session.go:53.17,55.4 1 0
s3MediaStreamer/app/pkg/web/gin/session.go:55.9,58.4 2 0
s3MediaStreamer/app/pkg/web/gin/session.go:59.18,68.17 3 0
s3MediaStreamer/app/pkg/web/gin/session.go:68.17,70.4 1 0
s3MediaStreamer/app/pkg/web/gin/session.go:71.3,72.17 2 0
s3MediaStreamer/app/pkg/web/gin/session.go:72.17,74.4 1 0
s3MediaStreamer/app/pkg/web/gin/session.go:75.10,76.72 1 0
s3MediaStreamer/app/pkg/web/gin/session.go:78.2,86.73 4 0
s3MediaStreamer/app/pkg/web/gin/session.go:89.72,93.31 2 0
s3MediaStreamer/app/pkg/web/gin/session.go:93.31,95.3 1 0
s3MediaStreamer/app/pkg/web/gin/session.go:98.2,98.39 1 0
s3MediaStreamer/app/pkg/web/gin/session.go:98.39,102.3 2 0
s3MediaStreamer/app/pkg/web/gin/session.go:103.2,103.12 1 0
s3MediaStreamer/app/pkg/web/gin/session.go:106.69,109.18 3 0
s3MediaStreamer/app/pkg/web/gin/session.go:109.18,111.3 1 0
s3MediaStreamer/app/pkg/web/gin/session.go:112.2,112.19 1 0
s3MediaStreamer/app/pkg/web/gin/session.go:115.42,120.39 4 0
s3MediaStreamer/app/pkg/web/gin/session.go:120.39,124.3 2 0
s3MediaStreamer/app/pkg/web/gin/session.go:125.2,125.12 1 0
s3MediaStreamer/app/pkg/web/gin/stream_audio.go:25.40,30.16 3 0
s3MediaStreamer/app/pkg/web/gin/stream_audio.go:30.16,33.3 2 0
s3MediaStreamer/app/pkg/web/gin/stream_audio.go:35.2,35.23 1 0
s3MediaStreamer/app/pkg/web/gin/stream_audio.go:35.23,38.3 2 0
s3MediaStreamer/app/pkg/web/gin/stream_audio.go:40.2,41.32 2 0
s3MediaStreamer/app/pkg/web/gin/stream_audio.go:60.44,65.16 4 0
s3MediaStreamer/app/pkg/web/gin/stream_audio.go:65.16,68.3 2 0
s3MediaStreamer/app/pkg/web/gin/stream_audio.go:70.2,71.16 2 0
s3MediaStreamer/app/pkg/web/gin/stream_audio.go:71.16,74.3 2 0
s3MediaStreamer/app/pkg/web/gin/stream_audio.go:76.2,77.16 2 0
s3MediaStreamer/app/pkg/web/gin/stream_audio.go:77.16,80.3 2 0
s3MediaStreamer/app/pkg/web/gin/stream_audio.go:82.2,90.16 6 0
s3MediaStreamer/app/pkg/web/gin/stream_audio.go:90.16,93.3 1 0
s3MediaStreamer/app/pkg/web/gin/stream_audio.go:96.86,100.35 3 0
s3MediaStreamer/app/pkg/web/gin/stream_audio.go:100.35,107.3 2 0
s3MediaStreamer/app/pkg/web/gin/stream_audio.go:108.2,108.17 1 0
s3MediaStreamer/app/pkg/web/gin/stream_audio.go:111.81,116.16 3 0
s3MediaStreamer/app/pkg/web/gin/stream_audio.go:116.16,119.3 2 0
s3MediaStreamer/app/pkg/web/gin/stream_audio.go:122.2,122.35 1 0
s3MediaStreamer/app/pkg/web/gin/stream_audio.go:122.35,124.17 2 0
s3MediaStreamer/app/pkg/web/gin/stream_audio.go:124.17,127.4 2 0
s3MediaStreamer/app/pkg/web/gin/stream_audio.go:131.74,135.16 2 0
s3MediaStreamer/app/pkg/web/gin/stream_audio.go:135.16,137.3 1 0
s3MediaStreamer/app/pkg/web/gin/stream_audio.go:139.2,140.16 2 0
s3MediaStreamer/app/pkg/web/gin/stream_audio.go:140.16,142.3 1 0
s3MediaStreamer/app/pkg/web/gin/stream_audio.go:145.2,145.25 1 0
s3MediaStreamer/app/pkg/web/gin/stream_player.go:22.39,28.16 3 0
s3MediaStreamer/app/pkg/web/gin/stream_player.go:28.16,32.3 3 0
s3MediaStreamer/app/pkg/web/gin/stream_player.go:35.2,35.22 1 0
s3MediaStreamer/app/pkg/web/gin/stream_player.go:35.22,38.3 2 0
s3MediaStreamer/app/pkg/web/gin/stream_player.go:40.2,40.61 1 0
s3MediaStreamer/app/pkg/web/gin/stream_playlist.go:26.49,35.59 2 0
s3MediaStreamer/app/pkg/web/gin/stream_playlist.go:35.59,38.3 2 0
s3MediaStreamer/app/pkg/web/gin/stream_playlist.go:40.2,41.16 2 0
s3MediaStreamer/app/pkg/web/gin/stream_playlist.go:41.16,44.3 2 0
s3MediaStreamer/app/pkg/web/gin/stream_playlist.go:47.2,48.16 2 0
s3MediaStreamer/app/pkg/web/gin/stream_playlist.go:48.16,52.3 3 0
s3MediaStreamer/app/pkg/web/gin/stream_playlist.go:54.2,55.16 2 0
s3MediaStreamer/app/pkg/web/gin/stream_playlist.go:55.16,59.3 3 0
s3MediaStreamer/app/pkg/web/gin/stream_playlist.go:62.2,75.76 3 0
s3MediaStreamer/app/pkg/web/gin/stream_playlist.go:75.76,78.3 2 0
s3MediaStreamer/app/pkg/web/gin/stream_playlist.go:81.2,81.49 1 0
s3MediaStreamer/app/pkg/web/gin/stream_playlist.go:97.49,102.54 2 0
s3MediaStreamer/app/pkg/web/gin/stream_playlist.go:102.54,105.3 2 0
s3MediaStreamer/app/pkg/web/gin/stream_playlist.go:108.2,108.71 1 0
s3MediaStreamer/app/pkg/web/gin/stream_playlist.go:108.71,111.3 2 0
s3MediaStreamer/app/pkg/web/gin/stream_playlist.go:114.2,114.72 1 0
s3MediaStreamer/app/pkg/web/gin/stream_playlist.go:114.72,117.3 2 0
s3MediaStreamer/app/pkg/web/gin/stream_playlist.go:120.2,120.71 1 0
s3MediaStreamer/app/pkg/web/gin/stream_playlist.go:137.48,143.54 3 0
s3MediaStreamer/app/pkg/web/gin/stream_playlist.go:143.54,146.3 2 0
s3MediaStreamer/app/pkg/web/gin/stream_playlist.go:148.2,150.16 2 0
s3MediaStreamer/app/pkg/web/gin/stream_playlist.go:150.16,153.3 2 0
s3MediaStreamer/app/pkg/web/gin/stream_playlist.go:156.2,156.84 1 0
s3MediaStreamer/app/pkg/web/gin/stream_playlist.go:156.84,159.3 2 0
s3MediaStreamer/app/pkg/web/gin/stream_playlist.go:162.2,162.90 1 0
s3MediaStreamer/app/pkg/web/gin/stream_playlist.go:179.53,186.16 4 0
s3MediaStreamer/app/pkg/web/gin/stream_playlist.go:186.16,189.3 2 0
s3MediaStreamer/app/pkg/web/gin/stream_playlist.go:192.2,193.16 2 0
s3MediaStreamer/app/pkg/web/gin/stream_playlist.go:193.16,196.3 2 0
s3MediaStreamer/app/pkg/web/gin/stream_playlist.go:199.2,199.89 1 0
s3MediaStreamer/app/pkg/web/gin/stream_playlist.go:199.89,202.3 2 0
s3MediaStreamer/app/pkg/web/gin/stream_playlist.go:205.2,205.67 1 0
s3MediaStreamer/app/pkg/web/gin/stream_playlist.go:221.48,226.54 2 0
s3MediaStreamer/app/pkg/web/gin/stream_playlist.go:226.54,229.3 2 0
s3MediaStreamer/app/pkg/web/gin/stream_playlist.go:232.2,232.71 1 0
s3MediaStreamer/app/pkg/web/gin/stream_playlist.go:232.71,235.3 2 0
s3MediaStreamer/app/pkg/web/gin/stream_playlist.go:238.2,238.71 1 0
s3MediaStreamer/app/pkg/web/gin/stream_playlist.go:255.50,260.54 2 0
s3MediaStreamer/app/pkg/web/gin/stream_playlist.go:260.54,263.3 2 0
s3MediaStreamer/app/pkg/web/gin/stream_playlist.go:266.2,269.51 2 0
s3MediaStreamer/app/pkg/web/gin/stream_playlist.go:269.51,272.3 2 0
s3MediaStreamer/app/pkg/web/gin/stream_playlist.go:275.2,275.45 1 0
s3MediaStreamer/app/pkg/web/gin/stream_playlist.go:275.45,277.17 2 0
s3MediaStreamer/app/pkg/web/gin/stream_playlist.go:277.17,280.4 2 0
s3MediaStreamer/app/pkg/web/gin/stream_playlist.go:284.2,284.102 1 0
s3MediaStreamer/app/pkg/web/gin/stream_playlist.go:284.102,287.3 2 0
s3MediaStreamer/app/pkg/web/gin/stream_playlist.go:290.2,290.77 1 0
